<?xml version="1.0" encoding="UTF-8"?>
<!-- Generated by org.testng.reporters.JUnitReportReporter -->
<testsuite hostname="DESKTOP-3E5SO5G" failures="0" tests="1" name="org.ab.tests.LoginPageTest" time="17.032" errors="0" timestamp="2021-09-22T13:43:24 IST" skipped="0">
  <testcase classname="org.ab.tests.LoginPageTest" name="TCF_1" time="17.032"/>
  <system-out/>
</testsuite> <!-- org.ab.tests.LoginPageTest -->
