<?xml version="1.0" encoding="UTF-8"?>
<!-- Generated by org.testng.reporters.JUnitReportReporter -->
<testsuite hostname="DESKTOP-3E5SO5G" failures="0" tests="1" name="org.ab.tests.LoginPageTest2" time="28.573" errors="0" timestamp="2021-09-29T14:23:44 IST" skipped="0">
  <testcase classname="org.ab.tests.LoginPageTest2" name="TCF_8" time="28.573"/>
  <system-out/>
</testsuite> <!-- org.ab.tests.LoginPageTest2 -->
